2026-02-02 20:21:13,003 - data_preprocessing - DEBUG - Data loaded properly
2026-02-02 20:21:13,003 - data_preprocessing - DEBUG - Starting preprocessing for DataFrame
2026-02-02 20:21:13,004 - data_preprocessing - DEBUG - Target column encoded
2026-02-02 20:21:13,006 - data_preprocessing - DEBUG - Duplicates removed
2026-02-02 20:21:15,929 - data_preprocessing - DEBUG - Text column transformed
2026-02-02 20:21:15,929 - data_preprocessing - DEBUG - Starting preprocessing for DataFrame
2026-02-02 20:21:15,929 - data_preprocessing - DEBUG - Target column encoded
2026-02-02 20:21:15,930 - data_preprocessing - DEBUG - Duplicates removed
2026-02-02 20:21:16,707 - data_preprocessing - DEBUG - Text column transformed
2026-02-02 20:21:16,711 - data_preprocessing - DEBUG - Processed data saved to ./data/interim
2026-02-02 21:48:12,443 - data_preprocessing - DEBUG - Data loaded properly
2026-02-02 21:48:12,443 - data_preprocessing - DEBUG - Starting preprocessing for DataFrame
2026-02-02 21:48:12,443 - data_preprocessing - DEBUG - Target column encoded
2026-02-02 21:48:12,444 - data_preprocessing - DEBUG - Duplicates removed
2026-02-02 21:48:15,484 - data_preprocessing - DEBUG - Text column transformed
2026-02-02 21:48:15,484 - data_preprocessing - DEBUG - Starting preprocessing for DataFrame
2026-02-02 21:48:15,484 - data_preprocessing - DEBUG - Target column encoded
2026-02-02 21:48:15,485 - data_preprocessing - DEBUG - Duplicates removed
2026-02-02 21:48:16,285 - data_preprocessing - DEBUG - Text column transformed
2026-02-02 21:48:16,289 - data_preprocessing - DEBUG - Processed data saved to ./data/interim
2026-02-02 22:00:22,938 - data_preprocessing - DEBUG - Data loaded properly
2026-02-02 22:00:22,938 - data_preprocessing - DEBUG - Starting preprocessing for DataFrame
2026-02-02 22:00:22,939 - data_preprocessing - DEBUG - Target column encoded
2026-02-02 22:00:22,940 - data_preprocessing - DEBUG - Duplicates removed
2026-02-02 22:00:26,160 - data_preprocessing - DEBUG - Text column transformed
2026-02-02 22:00:26,160 - data_preprocessing - DEBUG - Starting preprocessing for DataFrame
2026-02-02 22:00:26,160 - data_preprocessing - DEBUG - Target column encoded
2026-02-02 22:00:26,161 - data_preprocessing - DEBUG - Duplicates removed
2026-02-02 22:00:26,776 - data_preprocessing - DEBUG - Text column transformed
2026-02-02 22:00:26,780 - data_preprocessing - DEBUG - Processed data saved to ./data/interim
2026-02-03 16:36:55,435 - data_preprocessing - DEBUG - Data loaded properly
2026-02-03 16:36:55,435 - data_preprocessing - DEBUG - Starting preprocessing for DataFrame
2026-02-03 16:36:55,436 - data_preprocessing - DEBUG - Target column encoded
2026-02-03 16:36:55,437 - data_preprocessing - DEBUG - Duplicates removed
2026-02-03 16:36:58,022 - data_preprocessing - DEBUG - Text column transformed
2026-02-03 16:36:58,022 - data_preprocessing - DEBUG - Starting preprocessing for DataFrame
2026-02-03 16:36:58,023 - data_preprocessing - DEBUG - Target column encoded
2026-02-03 16:36:58,023 - data_preprocessing - DEBUG - Duplicates removed
2026-02-03 16:36:59,415 - data_preprocessing - DEBUG - Text column transformed
2026-02-03 16:36:59,418 - data_preprocessing - DEBUG - Processed data saved to ./data/interim
2026-02-03 16:44:49,481 - data_preprocessing - DEBUG - Data loaded properly
2026-02-03 16:44:49,481 - data_preprocessing - DEBUG - Starting preprocessing for DataFrame
2026-02-03 16:44:49,482 - data_preprocessing - DEBUG - Target column encoded
2026-02-03 16:44:49,483 - data_preprocessing - DEBUG - Duplicates removed
2026-02-03 16:44:52,234 - data_preprocessing - DEBUG - Text column transformed
2026-02-03 16:44:52,234 - data_preprocessing - DEBUG - Starting preprocessing for DataFrame
2026-02-03 16:44:52,234 - data_preprocessing - DEBUG - Target column encoded
2026-02-03 16:44:52,235 - data_preprocessing - DEBUG - Duplicates removed
2026-02-03 16:44:53,499 - data_preprocessing - DEBUG - Text column transformed
2026-02-03 16:44:53,503 - data_preprocessing - DEBUG - Processed data saved to ./data/interim
